Line 20: Class MSAdodcLib.Adodc of control dtaEmployeeID was not a loaded control class.
Line 25: The property name _ExtentX in dtaEmployeeID is invalid.
Line 26: The property name _ExtentY in dtaEmployeeID is invalid.
Line 27: The property name ConnectMode in dtaEmployeeID is invalid.
Line 28: The property name CursorLocation in dtaEmployeeID is invalid.
Line 29: The property name IsolationLevel in dtaEmployeeID is invalid.
Line 30: The property name ConnectionTimeout in dtaEmployeeID is invalid.
Line 31: The property name CommandTimeout in dtaEmployeeID is invalid.
Line 32: The property name CursorType in dtaEmployeeID is invalid.
Line 33: The property name LockType in dtaEmployeeID is invalid.
Line 34: The property name CommandType in dtaEmployeeID is invalid.
Line 35: The property name CursorOptions in dtaEmployeeID is invalid.
Line 36: The property name CacheSize in dtaEmployeeID is invalid.
Line 37: The property name MaxRecords in dtaEmployeeID is invalid.
Line 38: The property name BOFAction in dtaEmployeeID is invalid.
Line 39: The property name EOFAction in dtaEmployeeID is invalid.
Line 40: The property name ConnectStringType in dtaEmployeeID is invalid.
Line 44: The property name Orientation in dtaEmployeeID is invalid.
Line 46: The property name Connect in dtaEmployeeID is invalid.
Line 47: The property name OLEDBString in dtaEmployeeID is invalid.
Line 48: The property name OLEDBFile in dtaEmployeeID is invalid.
Line 49: The property name DataSourceName in dtaEmployeeID is invalid.
Line 50: The property name OtherAttributes in dtaEmployeeID is invalid.
Line 51: The property name UserName in dtaEmployeeID is invalid.
Line 52: The property name Password in dtaEmployeeID is invalid.
Line 53: The property name RecordSource in dtaEmployeeID is invalid.
Line 54: The property name Caption in dtaEmployeeID is invalid.
Line 64: The property name _Version in dtaEmployeeID is invalid.
