Line 31: Class MSAdodcLib.Adodc of control dtaLogin was not a loaded control class.
Line 37: The property name _ExtentX in dtaLogin is invalid.
Line 38: The property name _ExtentY in dtaLogin is invalid.
Line 39: The property name ConnectMode in dtaLogin is invalid.
Line 40: The property name CursorLocation in dtaLogin is invalid.
Line 41: The property name IsolationLevel in dtaLogin is invalid.
Line 42: The property name ConnectionTimeout in dtaLogin is invalid.
Line 43: The property name CommandTimeout in dtaLogin is invalid.
Line 44: The property name CursorType in dtaLogin is invalid.
Line 45: The property name LockType in dtaLogin is invalid.
Line 46: The property name CommandType in dtaLogin is invalid.
Line 47: The property name CursorOptions in dtaLogin is invalid.
Line 48: The property name CacheSize in dtaLogin is invalid.
Line 49: The property name MaxRecords in dtaLogin is invalid.
Line 50: The property name BOFAction in dtaLogin is invalid.
Line 51: The property name EOFAction in dtaLogin is invalid.
Line 52: The property name ConnectStringType in dtaLogin is invalid.
Line 56: The property name Orientation in dtaLogin is invalid.
Line 58: The property name Connect in dtaLogin is invalid.
Line 59: The property name OLEDBString in dtaLogin is invalid.
Line 60: The property name OLEDBFile in dtaLogin is invalid.
Line 61: The property name DataSourceName in dtaLogin is invalid.
Line 62: The property name OtherAttributes in dtaLogin is invalid.
Line 63: The property name UserName in dtaLogin is invalid.
Line 64: The property name Password in dtaLogin is invalid.
Line 65: The property name RecordSource in dtaLogin is invalid.
Line 66: The property name Caption in dtaLogin is invalid.
Line 76: The property name _Version in dtaLogin is invalid.
