Line 91: Class MSAdodcLib.Adodc of control dtaNewUser was not a loaded control class.
Line 97: The property name _ExtentX in dtaNewUser is invalid.
Line 98: The property name _ExtentY in dtaNewUser is invalid.
Line 99: The property name ConnectMode in dtaNewUser is invalid.
Line 100: The property name CursorLocation in dtaNewUser is invalid.
Line 101: The property name IsolationLevel in dtaNewUser is invalid.
Line 102: The property name ConnectionTimeout in dtaNewUser is invalid.
Line 103: The property name CommandTimeout in dtaNewUser is invalid.
Line 104: The property name CursorType in dtaNewUser is invalid.
Line 105: The property name LockType in dtaNewUser is invalid.
Line 106: The property name CommandType in dtaNewUser is invalid.
Line 107: The property name CursorOptions in dtaNewUser is invalid.
Line 108: The property name CacheSize in dtaNewUser is invalid.
Line 109: The property name MaxRecords in dtaNewUser is invalid.
Line 110: The property name BOFAction in dtaNewUser is invalid.
Line 111: The property name EOFAction in dtaNewUser is invalid.
Line 112: The property name ConnectStringType in dtaNewUser is invalid.
Line 116: The property name Orientation in dtaNewUser is invalid.
Line 118: The property name Connect in dtaNewUser is invalid.
Line 119: The property name OLEDBString in dtaNewUser is invalid.
Line 120: The property name OLEDBFile in dtaNewUser is invalid.
Line 121: The property name DataSourceName in dtaNewUser is invalid.
Line 122: The property name OtherAttributes in dtaNewUser is invalid.
Line 123: The property name UserName in dtaNewUser is invalid.
Line 124: The property name Password in dtaNewUser is invalid.
Line 125: The property name RecordSource in dtaNewUser is invalid.
Line 126: The property name Caption in dtaNewUser is invalid.
Line 136: The property name _Version in dtaNewUser is invalid.
